# JRE version: OpenJDK Runtime Environment Temurin-17.0.5+8 (17.0.5+8) (build 17.0.5+8)
# Java VM: OpenJDK 64-Bit Server VM Temurin-17.0.5+8 (17.0.5+8, mixed mode, emulated-client, tiered, compressed oops, compressed class ptrs, g1 gc, windows-amd64)
GC Precious Log:
 CPUs: 8 total, 8 available
 Memory: 8091M
 Large Page Support: Disabled
 NUMA Support: Disabled
 Compressed Oops: Enabled (32-bit)
 Heap Region Size: 1M
 Heap Min Capacity: 8M
 Heap Initial Capacity: 128M
 Heap Max Capacity: 2024M
 Pre-touch: Disabled
 Parallel Workers: 8
 Concurrent Workers: 2
 Concurrent Refinement Workers: 8
 Periodic GC: Disabled
Heap:
 garbage-first heap   total 277504K, used 96735K [0x0000000081800000, 0x0000000100000000)
  region size 1024K, 11 young (11264K), 11 survivors (11264K)
 Metaspace       used 46821K, committed 47232K, reserved 1097728K
  class space    used 5869K, committed 6080K, reserved 1048576K
GC Heap History (20 events):
Event: 4.261 GC heap after
{Heap after GC invocations=12 (full 0):
 garbage-first heap   total 96256K, used 36513K [0x0000000081800000, 0x0000000100000000)
  region size 1024K, 6 young (6144K), 6 survivors (6144K)
 Metaspace       used 38067K, committed 38400K, reserved 1089536K
  class space    used 4812K, committed 4928K, reserved 1048576K
}
Event: 4.323 GC heap before
{Heap before GC invocations=12 (full 0):
 garbage-first heap   total 96256K, used 68257K [0x0000000081800000, 0x0000000100000000)
  region size 1024K, 38 young (38912K), 6 survivors (6144K)
 Metaspace       used 38192K, committed 38464K, reserved 1089536K
  class space    used 4823K, committed 4928K, reserved 1048576K
}
Event: 4.334 GC heap after
{Heap after GC invocations=13 (full 0):
 garbage-first heap   total 129024K, used 45461K [0x0000000081800000, 0x0000000100000000)
  region size 1024K, 5 young (5120K), 5 survivors (5120K)
 Metaspace       used 38192K, committed 38464K, reserved 1089536K
  class space    used 4823K, committed 4928K, reserved 1048576K
}
Event: 4.602 GC heap before
{Heap before GC invocations=13 (full 0):
 garbage-first heap   total 129024K, used 88469K [0x0000000081800000, 0x0000000100000000)
  region size 1024K, 48 young (49152K), 5 survivors (5120K)
 Metaspace       used 40406K, committed 40704K, reserved 1089536K
  class space    used 5056K, committed 5184K, reserved 1048576K
}
Event: 4.611 GC heap after
{Heap after GC invocations=14 (full 0):
 garbage-first heap   total 129024K, used 57344K [0x0000000081800000, 0x0000000100000000)
  region size 1024K, 6 young (6144K), 6 survivors (6144K)
 Metaspace       used 40406K, committed 40704K, reserved 1089536K
  class space    used 5056K, committed 5184K, reserved 1048576K
}
Event: 4.740 GC heap before
{Heap before GC invocations=14 (full 0):
 garbage-first heap   total 129024K, used 94208K [0x0000000081800000, 0x0000000100000000)
  region size 1024K, 41 young (41984K), 6 survivors (6144K)
 Metaspace       used 43878K, committed 44288K, reserved 1089536K
  class space    used 5464K, committed 5632K, reserved 1048576K
}
Event: 4.751 GC heap after
{Heap after GC invocations=15 (full 0):
 garbage-first heap   total 129024K, used 70093K [0x0000000081800000, 0x0000000100000000)
  region size 1024K, 6 young (6144K), 6 survivors (6144K)
 Metaspace       used 43878K, committed 44288K, reserved 1089536K
  class space    used 5464K, committed 5632K, reserved 1048576K
}
Event: 4.804 GC heap before
{Heap before GC invocations=15 (full 0):
 garbage-first heap   total 129024K, used 94669K [0x0000000081800000, 0x0000000100000000)
  region size 1024K, 31 young (31744K), 6 survivors (6144K)
 Metaspace       used 45037K, committed 45376K, reserved 1089536K
  class space    used 5620K, committed 5760K, reserved 1048576K
}
Event: 4.832 GC heap after
{Heap after GC invocations=16 (full 0):
 garbage-first heap   total 129024K, used 76800K [0x0000000081800000, 0x0000000100000000)
  region size 1024K, 4 young (4096K), 4 survivors (4096K)
 Metaspace       used 45037K, committed 45376K, reserved 1089536K
  class space    used 5620K, committed 5760K, reserved 1048576K
}
Event: 4.856 GC heap before
{Heap before GC invocations=16 (full 0):
 garbage-first heap   total 129024K, used 97280K [0x0000000081800000, 0x0000000100000000)
  region size 1024K, 25 young (25600K), 4 survivors (4096K)
 Metaspace       used 45075K, committed 45376K, reserved 1089536K
  class space    used 5630K, committed 5760K, reserved 1048576K
}
Event: 4.862 GC heap after
{Heap after GC invocations=17 (full 0):
 garbage-first heap   total 277504K, used 78814K [0x0000000081800000, 0x0000000100000000)
  region size 1024K, 2 young (2048K), 2 survivors (2048K)
 Metaspace       used 45075K, committed 45376K, reserved 1089536K
  class space    used 5630K, committed 5760K, reserved 1048576K
}
Event: 4.946 GC heap before
{Heap before GC invocations=17 (full 0):
 garbage-first heap   total 277504K, used 178142K [0x0000000081800000, 0x0000000100000000)
  region size 1024K, 101 young (103424K), 2 survivors (2048K)
 Metaspace       used 45202K, committed 45568K, reserved 1089536K
  class space    used 5648K, committed 5824K, reserved 1048576K
}
Event: 4.952 GC heap after
{Heap after GC invocations=18 (full 0):
 garbage-first heap   total 277504K, used 81789K [0x0000000081800000, 0x0000000100000000)
  region size 1024K, 6 young (6144K), 6 survivors (6144K)
 Metaspace       used 45202K, committed 45568K, reserved 1089536K
  class space    used 5648K, committed 5824K, reserved 1048576K
}
Event: 5.012 GC heap before
{Heap before GC invocations=19 (full 0):
 garbage-first heap   total 277504K, used 201597K [0x0000000081800000, 0x0000000100000000)
  region size 1024K, 124 young (126976K), 6 survivors (6144K)
 Metaspace       used 45755K, committed 46080K, reserved 1089536K
  class space    used 5708K, committed 5824K, reserved 1048576K
}
Event: 5.021 GC heap after
{Heap after GC invocations=20 (full 0):
 garbage-first heap   total 277504K, used 86714K [0x0000000081800000, 0x0000000100000000)
  region size 1024K, 11 young (11264K), 11 survivors (11264K)
 Metaspace       used 45755K, committed 46080K, reserved 1089536K
  class space    used 5708K, committed 5824K, reserved 1048576K
}
Event: 5.022 GC heap before
{Heap before GC invocations=20 (full 0):
 garbage-first heap   total 277504K, used 87738K [0x0000000081800000, 0x0000000100000000)
  region size 1024K, 13 young (13312K), 11 survivors (11264K)
 Metaspace       used 45771K, committed 46144K, reserved 1089536K
  class space    used 5711K, committed 5888K, reserved 1048576K
}
Event: 5.030 GC heap after
{Heap after GC invocations=21 (full 0):
 garbage-first heap   total 277504K, used 86936K [0x0000000081800000, 0x0000000100000000)
  region size 1024K, 2 young (2048K), 2 survivors (2048K)
 Metaspace       used 45771K, committed 46144K, reserved 1089536K
  class space    used 5711K, committed 5888K, reserved 1048576K
}
Event: 5.074 GC heap before
{Heap before GC invocations=21 (full 0):
 garbage-first heap   total 277504K, used 210840K [0x0000000081800000, 0x0000000100000000)
  region size 1024K, 124 young (126976K), 2 survivors (2048K)
 Metaspace       used 46339K, committed 46720K, reserved 1089536K
  class space    used 5792K, committed 5952K, reserved 1048576K
}
Event: 5.079 GC heap after
{Heap after GC invocations=22 (full 0):
 garbage-first heap   total 277504K, used 91983K [0x0000000081800000, 0x0000000100000000)
  region size 1024K, 7 young (7168K), 7 survivors (7168K)
 Metaspace       used 46339K, committed 46720K, reserved 1089536K
  class space    used 5792K, committed 5952K, reserved 1048576K
}
Event: 5.118 GC heap before
{Heap before GC invocations=22 (full 0):
 garbage-first heap   total 277504K, used 214863K [0x0000000081800000, 0x0000000100000000)
  region size 1024K, 128 young (131072K), 7 survivors (7168K)
 Metaspace       used 46821K, committed 47232K, reserved 1097728K
  class space    used 5869K, committed 6080K, reserved 1048576K
}

