# JRE version: OpenJDK Runtime Environment Temurin-17.0.5+8 (17.0.5+8) (build 17.0.5+8)
# Java VM: OpenJDK 64-Bit Server VM Temurin-17.0.5+8 (17.0.5+8, mixed mode, emulated-client, tiered, compressed oops, compressed class ptrs, g1 gc, windows-amd64)
GC Precious Log:
 CPUs: 8 total, 8 available
 Memory: 8091M
 Large Page Support: Disabled
 NUMA Support: Disabled
 Compressed Oops: Enabled (32-bit)
 Heap Region Size: 1M
 Heap Min Capacity: 8M
 Heap Initial Capacity: 128M
 Heap Max Capacity: 2024M
 Pre-touch: Disabled
 Parallel Workers: 8
 Concurrent Workers: 2
 Concurrent Refinement Workers: 8
 Periodic GC: Disabled
Heap:
 garbage-first heap   total 284672K, used 96147K [0x0000000081800000, 0x0000000100000000)
  region size 1024K, 11 young (11264K), 11 survivors (11264K)
 Metaspace       used 47645K, committed 48064K, reserved 1097728K
  class space    used 6002K, committed 6208K, reserved 1048576K
GC Heap History (20 events):
Event: 4.224 GC heap after
{Heap after GC invocations=12 (full 0):
 garbage-first heap   total 92160K, used 35613K [0x0000000081800000, 0x0000000100000000)
  region size 1024K, 6 young (6144K), 6 survivors (6144K)
 Metaspace       used 38043K, committed 38336K, reserved 1089536K
  class space    used 4807K, committed 4928K, reserved 1048576K
}
Event: 4.285 GC heap before
{Heap before GC invocations=12 (full 0):
 garbage-first heap   total 92160K, used 66333K [0x0000000081800000, 0x0000000100000000)
  region size 1024K, 37 young (37888K), 6 survivors (6144K)
 Metaspace       used 38208K, committed 38528K, reserved 1089536K
  class space    used 4822K, committed 4928K, reserved 1048576K
}
Event: 4.296 GC heap after
{Heap after GC invocations=13 (full 0):
 garbage-first heap   total 126976K, used 44326K [0x0000000081800000, 0x0000000100000000)
  region size 1024K, 5 young (5120K), 5 survivors (5120K)
 Metaspace       used 38208K, committed 38528K, reserved 1089536K
  class space    used 4822K, committed 4928K, reserved 1048576K
}
Event: 4.530 GC heap before
{Heap before GC invocations=13 (full 0):
 garbage-first heap   total 126976K, used 86310K [0x0000000081800000, 0x0000000100000000)
  region size 1024K, 47 young (48128K), 5 survivors (5120K)
 Metaspace       used 39844K, committed 40192K, reserved 1089536K
  class space    used 5021K, committed 5184K, reserved 1048576K
}
Event: 4.539 GC heap after
{Heap after GC invocations=14 (full 0):
 garbage-first heap   total 126976K, used 54860K [0x0000000081800000, 0x0000000100000000)
  region size 1024K, 6 young (6144K), 6 survivors (6144K)
 Metaspace       used 39844K, committed 40192K, reserved 1089536K
  class space    used 5021K, committed 5184K, reserved 1048576K
}
Event: 4.710 GC heap before
{Heap before GC invocations=14 (full 0):
 garbage-first heap   total 126976K, used 90700K [0x0000000081800000, 0x0000000100000000)
  region size 1024K, 41 young (41984K), 6 survivors (6144K)
 Metaspace       used 43463K, committed 43904K, reserved 1089536K
  class space    used 5429K, committed 5632K, reserved 1048576K
}
Event: 4.721 GC heap after
{Heap after GC invocations=15 (full 0):
 garbage-first heap   total 126976K, used 65497K [0x0000000081800000, 0x0000000100000000)
  region size 1024K, 6 young (6144K), 6 survivors (6144K)
 Metaspace       used 43463K, committed 43904K, reserved 1089536K
  class space    used 5429K, committed 5632K, reserved 1048576K
}
Event: 4.756 GC heap before
{Heap before GC invocations=15 (full 0):
 garbage-first heap   total 126976K, used 73689K [0x0000000081800000, 0x0000000100000000)
  region size 1024K, 16 young (16384K), 6 survivors (6144K)
 Metaspace       used 44167K, committed 44544K, reserved 1089536K
  class space    used 5512K, committed 5696K, reserved 1048576K
}
Event: 4.765 GC heap after
{Heap after GC invocations=16 (full 0):
 garbage-first heap   total 126976K, used 70112K [0x0000000081800000, 0x0000000100000000)
  region size 1024K, 4 young (4096K), 4 survivors (4096K)
 Metaspace       used 44167K, committed 44544K, reserved 1089536K
  class space    used 5512K, committed 5696K, reserved 1048576K
}
Event: 4.845 GC heap before
{Heap before GC invocations=16 (full 0):
 garbage-first heap   total 157696K, used 92640K [0x0000000081800000, 0x0000000100000000)
  region size 1024K, 27 young (27648K), 4 survivors (4096K)
 Metaspace       used 46512K, committed 46912K, reserved 1097728K
  class space    used 5793K, committed 6016K, reserved 1048576K
}
Event: 4.873 GC heap after
{Heap after GC invocations=17 (full 0):
 garbage-first heap   total 284672K, used 76032K [0x0000000081800000, 0x0000000100000000)
  region size 1024K, 4 young (4096K), 4 survivors (4096K)
 Metaspace       used 46512K, committed 46912K, reserved 1097728K
  class space    used 5793K, committed 6016K, reserved 1048576K
}
Event: 4.962 GC heap before
{Heap before GC invocations=18 (full 0):
 garbage-first heap   total 284672K, used 185600K [0x0000000081800000, 0x0000000100000000)
  region size 1024K, 112 young (114688K), 4 survivors (4096K)
 Metaspace       used 46698K, committed 47104K, reserved 1097728K
  class space    used 5829K, committed 6016K, reserved 1048576K
}
Event: 4.971 GC heap after
{Heap after GC invocations=19 (full 0):
 garbage-first heap   total 284672K, used 80747K [0x0000000081800000, 0x0000000100000000)
  region size 1024K, 9 young (9216K), 9 survivors (9216K)
 Metaspace       used 46698K, committed 47104K, reserved 1097728K
  class space    used 5829K, committed 6016K, reserved 1048576K
}
Event: 4.975 GC heap before
{Heap before GC invocations=19 (full 0):
 garbage-first heap   total 284672K, used 83819K [0x0000000081800000, 0x0000000100000000)
  region size 1024K, 13 young (13312K), 9 survivors (9216K)
 Metaspace       used 46704K, committed 47104K, reserved 1097728K
  class space    used 5833K, committed 6016K, reserved 1048576K
}
Event: 4.982 GC heap after
{Heap after GC invocations=20 (full 0):
 garbage-first heap   total 284672K, used 80637K [0x0000000081800000, 0x0000000100000000)
  region size 1024K, 1 young (1024K), 1 survivors (1024K)
 Metaspace       used 46704K, committed 47104K, reserved 1097728K
  class space    used 5833K, committed 6016K, reserved 1048576K
}
Event: 5.056 GC heap before
{Heap before GC invocations=20 (full 0):
 garbage-first heap   total 284672K, used 214781K [0x0000000081800000, 0x0000000100000000)
  region size 1024K, 133 young (136192K), 1 survivors (1024K)
 Metaspace       used 47167K, committed 47616K, reserved 1097728K
  class space    used 5933K, committed 6144K, reserved 1048576K
}
Event: 5.063 GC heap after
{Heap after GC invocations=21 (full 0):
 garbage-first heap   total 284672K, used 86025K [0x0000000081800000, 0x0000000100000000)
  region size 1024K, 7 young (7168K), 7 survivors (7168K)
 Metaspace       used 47167K, committed 47616K, reserved 1097728K
  class space    used 5933K, committed 6144K, reserved 1048576K
}
Event: 5.103 GC heap before
{Heap before GC invocations=21 (full 0):
 garbage-first heap   total 284672K, used 218121K [0x0000000081800000, 0x0000000100000000)
  region size 1024K, 137 young (140288K), 7 survivors (7168K)
 Metaspace       used 47350K, committed 47744K, reserved 1097728K
  class space    used 5960K, committed 6144K, reserved 1048576K
}
Event: 5.113 GC heap after
{Heap after GC invocations=22 (full 0):
 garbage-first heap   total 284672K, used 90597K [0x0000000081800000, 0x0000000100000000)
  region size 1024K, 11 young (11264K), 11 survivors (11264K)
 Metaspace       used 47350K, committed 47744K, reserved 1097728K
  class space    used 5960K, committed 6144K, reserved 1048576K
}
Event: 5.159 GC heap before
{Heap before GC invocations=22 (full 0):
 garbage-first heap   total 284672K, used 223717K [0x0000000081800000, 0x0000000100000000)
  region size 1024K, 142 young (145408K), 11 survivors (11264K)
 Metaspace       used 47645K, committed 48064K, reserved 1097728K
  class space    used 6002K, committed 6208K, reserved 1048576K
}

