# JRE version: OpenJDK Runtime Environment Temurin-17.0.5+8 (17.0.5+8) (build 17.0.5+8)
# Java VM: OpenJDK 64-Bit Server VM Temurin-17.0.5+8 (17.0.5+8, mixed mode, emulated-client, tiered, compressed oops, compressed class ptrs, g1 gc, windows-amd64)
GC Precious Log:
 CPUs: 8 total, 8 available
 Memory: 8091M
 Large Page Support: Disabled
 NUMA Support: Disabled
 Compressed Oops: Enabled (32-bit)
 Heap Region Size: 1M
 Heap Min Capacity: 8M
 Heap Initial Capacity: 128M
 Heap Max Capacity: 2024M
 Pre-touch: Disabled
 Parallel Workers: 8
 Concurrent Workers: 2
 Concurrent Refinement Workers: 8
 Periodic GC: Disabled
Heap:
 garbage-first heap   total 568320K, used 144761K [0x0000000081800000, 0x0000000100000000)
  region size 1024K, 33 young (33792K), 33 survivors (33792K)
 Metaspace       used 56478K, committed 56832K, reserved 1105920K
  class space    used 7126K, committed 7296K, reserved 1048576K
GC Heap History (20 events):
Event: 4.078 GC heap after
{Heap after GC invocations=17 (full 0):
 garbage-first heap   total 96256K, used 52609K [0x0000000081800000, 0x0000000100000000)
  region size 1024K, 4 young (4096K), 4 survivors (4096K)
 Metaspace       used 38812K, committed 39104K, reserved 1089536K
  class space    used 4896K, committed 5056K, reserved 1048576K
}
Event: 4.217 GC heap before
{Heap before GC invocations=17 (full 0):
 garbage-first heap   total 96256K, used 71041K [0x0000000081800000, 0x0000000100000000)
  region size 1024K, 23 young (23552K), 4 survivors (4096K)
 Metaspace       used 40825K, committed 41216K, reserved 1089536K
  class space    used 5104K, committed 5312K, reserved 1048576K
}
Event: 4.223 GC heap after
{Heap after GC invocations=18 (full 0):
 garbage-first heap   total 96256K, used 58753K [0x0000000081800000, 0x0000000100000000)
  region size 1024K, 3 young (3072K), 3 survivors (3072K)
 Metaspace       used 40825K, committed 41216K, reserved 1089536K
  class space    used 5104K, committed 5312K, reserved 1048576K
}
Event: 4.308 GC heap before
{Heap before GC invocations=18 (full 0):
 garbage-first heap   total 119808K, used 74113K [0x0000000081800000, 0x0000000100000000)
  region size 1024K, 18 young (18432K), 3 survivors (3072K)
 Metaspace       used 42576K, committed 43008K, reserved 1089536K
  class space    used 5284K, committed 5504K, reserved 1048576K
}
Event: 4.316 GC heap after
{Heap after GC invocations=19 (full 0):
 garbage-first heap   total 236544K, used 64897K [0x0000000081800000, 0x0000000100000000)
  region size 1024K, 3 young (3072K), 3 survivors (3072K)
 Metaspace       used 42576K, committed 43008K, reserved 1089536K
  class space    used 5284K, committed 5504K, reserved 1048576K
}
Event: 4.503 GC heap before
{Heap before GC invocations=20 (full 0):
 garbage-first heap   total 236544K, used 136577K [0x0000000081800000, 0x0000000100000000)
  region size 1024K, 73 young (74752K), 3 survivors (3072K)
 Metaspace       used 45534K, committed 45888K, reserved 1089536K
  class space    used 5685K, committed 5824K, reserved 1048576K
}
Event: 4.535 GC heap after
{Heap after GC invocations=21 (full 0):
 garbage-first heap   total 236544K, used 77628K [0x0000000081800000, 0x0000000100000000)
  region size 1024K, 10 young (10240K), 10 survivors (10240K)
 Metaspace       used 45534K, committed 45888K, reserved 1089536K
  class space    used 5685K, committed 5824K, reserved 1048576K
}
Event: 4.541 GC heap before
{Heap before GC invocations=21 (full 0):
 garbage-first heap   total 236544K, used 78652K [0x0000000081800000, 0x0000000100000000)
  region size 1024K, 11 young (11264K), 10 survivors (10240K)
 Metaspace       used 45537K, committed 45888K, reserved 1089536K
  class space    used 5685K, committed 5824K, reserved 1048576K
}
Event: 4.549 GC heap after
{Heap after GC invocations=22 (full 0):
 garbage-first heap   total 236544K, used 78932K [0x0000000081800000, 0x0000000100000000)
  region size 1024K, 2 young (2048K), 2 survivors (2048K)
 Metaspace       used 45537K, committed 45888K, reserved 1089536K
  class space    used 5685K, committed 5824K, reserved 1048576K
}
Event: 4.580 GC heap before
{Heap before GC invocations=22 (full 0):
 garbage-first heap   total 236544K, used 144468K [0x0000000081800000, 0x0000000100000000)
  region size 1024K, 67 young (68608K), 2 survivors (2048K)
 Metaspace       used 45656K, committed 46016K, reserved 1089536K
  class space    used 5700K, committed 5824K, reserved 1048576K
}
Event: 4.583 GC heap after
{Heap after GC invocations=23 (full 0):
 garbage-first heap   total 236544K, used 80781K [0x0000000081800000, 0x0000000100000000)
  region size 1024K, 3 young (3072K), 3 survivors (3072K)
 Metaspace       used 45656K, committed 46016K, reserved 1089536K
  class space    used 5700K, committed 5824K, reserved 1048576K
}
Event: 4.619 GC heap before
{Heap before GC invocations=23 (full 0):
 garbage-first heap   total 236544K, used 158605K [0x0000000081800000, 0x0000000100000000)
  region size 1024K, 80 young (81920K), 3 survivors (3072K)
 Metaspace       used 45922K, committed 46272K, reserved 1089536K
  class space    used 5733K, committed 5888K, reserved 1048576K
}
Event: 4.629 GC heap after
{Heap after GC invocations=24 (full 0):
 garbage-first heap   total 568320K, used 83853K [0x0000000081800000, 0x0000000100000000)
  region size 1024K, 6 young (6144K), 6 survivors (6144K)
 Metaspace       used 45922K, committed 46272K, reserved 1089536K
  class space    used 5733K, committed 5888K, reserved 1048576K
}
Event: 4.819 GC heap before
{Heap before GC invocations=24 (full 0):
 garbage-first heap   total 568320K, used 417677K [0x0000000081800000, 0x0000000100000000)
  region size 1024K, 333 young (340992K), 6 survivors (6144K)
 Metaspace       used 47365K, committed 47744K, reserved 1097728K
  class space    used 5943K, committed 6144K, reserved 1048576K
}
Event: 4.834 GC heap after
{Heap after GC invocations=25 (full 0):
 garbage-first heap   total 568320K, used 97535K [0x0000000081800000, 0x0000000100000000)
  region size 1024K, 20 young (20480K), 20 survivors (20480K)
 Metaspace       used 47365K, committed 47744K, reserved 1097728K
  class space    used 5943K, committed 6144K, reserved 1048576K
}
Event: 5.018 GC heap before
{Heap before GC invocations=25 (full 0):
 garbage-first heap   total 568320K, used 417023K [0x0000000081800000, 0x0000000100000000)
  region size 1024K, 333 young (340992K), 20 survivors (20480K)
 Metaspace       used 49593K, committed 49984K, reserved 1097728K
  class space    used 6255K, committed 6400K, reserved 1048576K
}
Event: 5.040 GC heap after
{Heap after GC invocations=26 (full 0):
 garbage-first heap   total 568320K, used 111501K [0x0000000081800000, 0x0000000100000000)
  region size 1024K, 33 young (33792K), 33 survivors (33792K)
 Metaspace       used 49593K, committed 49984K, reserved 1097728K
  class space    used 6255K, committed 6400K, reserved 1048576K
}
Event: 5.250 GC heap before
{Heap before GC invocations=26 (full 0):
 garbage-first heap   total 568320K, used 417677K [0x0000000081800000, 0x0000000100000000)
  region size 1024K, 333 young (340992K), 33 survivors (33792K)
 Metaspace       used 52786K, committed 53184K, reserved 1097728K
  class space    used 6710K, committed 6912K, reserved 1048576K
}
Event: 5.287 GC heap after
{Heap after GC invocations=27 (full 0):
 garbage-first heap   total 568320K, used 125624K [0x0000000081800000, 0x0000000100000000)
  region size 1024K, 28 young (28672K), 28 survivors (28672K)
 Metaspace       used 52786K, committed 53184K, reserved 1097728K
  class space    used 6710K, committed 6912K, reserved 1048576K
}
Event: 5.658 GC heap before
{Heap before GC invocations=27 (full 0):
 garbage-first heap   total 568320K, used 436920K [0x0000000081800000, 0x0000000100000000)
  region size 1024K, 333 young (340992K), 28 survivors (28672K)
 Metaspace       used 56478K, committed 56832K, reserved 1105920K
  class space    used 7126K, committed 7296K, reserved 1048576K
}

