# JRE version: OpenJDK Runtime Environment Temurin-17.0.5+8 (17.0.5+8) (build 17.0.5+8)
# Java VM: OpenJDK 64-Bit Server VM Temurin-17.0.5+8 (17.0.5+8, mixed mode, emulated-client, tiered, compressed oops, compressed class ptrs, g1 gc, windows-amd64)
GC Precious Log:
 CPUs: 8 total, 8 available
 Memory: 8091M
 Large Page Support: Disabled
 NUMA Support: Disabled
 Compressed Oops: Enabled (32-bit)
 Heap Region Size: 1M
 Heap Min Capacity: 8M
 Heap Initial Capacity: 128M
 Heap Max Capacity: 2024M
 Pre-touch: Disabled
 Parallel Workers: 8
 Concurrent Workers: 2
 Concurrent Refinement Workers: 8
 Periodic GC: Disabled
Heap:
 garbage-first heap   total 580608K, used 501261K [0x0000000081800000, 0x0000000100000000)
  region size 1024K, 3 young (3072K), 3 survivors (3072K)
 Metaspace       used 70410K, committed 70848K, reserved 1114112K
  class space    used 9491K, committed 9664K, reserved 1048576K
GC Heap History (20 events):
Event: 17528.491 GC heap after
{Heap after GC invocations=3109 (full 616):
 garbage-first heap   total 580608K, used 475256K [0x0000000081800000, 0x0000000100000000)
  region size 1024K, 4 young (4096K), 4 survivors (4096K)
 Metaspace       used 70410K, committed 70848K, reserved 1114112K
  class space    used 9491K, committed 9664K, reserved 1048576K
}
Event: 17528.643 GC heap before
{Heap before GC invocations=3109 (full 616):
 garbage-first heap   total 580608K, used 510072K [0x0000000081800000, 0x0000000100000000)
  region size 1024K, 38 young (38912K), 4 survivors (4096K)
 Metaspace       used 70410K, committed 70848K, reserved 1114112K
  class space    used 9491K, committed 9664K, reserved 1048576K
}
Event: 17528.649 GC heap after
{Heap after GC invocations=3110 (full 616):
 garbage-first heap   total 580608K, used 477616K [0x0000000081800000, 0x0000000100000000)
  region size 1024K, 4 young (4096K), 4 survivors (4096K)
 Metaspace       used 70410K, committed 70848K, reserved 1114112K
  class space    used 9491K, committed 9664K, reserved 1048576K
}
Event: 17528.774 GC heap before
{Heap before GC invocations=3110 (full 616):
 garbage-first heap   total 580608K, used 510384K [0x0000000081800000, 0x0000000100000000)
  region size 1024K, 36 young (36864K), 4 survivors (4096K)
 Metaspace       used 70410K, committed 70848K, reserved 1114112K
  class space    used 9491K, committed 9664K, reserved 1048576K
}
Event: 17528.781 GC heap after
{Heap after GC invocations=3111 (full 616):
 garbage-first heap   total 580608K, used 482360K [0x0000000081800000, 0x0000000100000000)
  region size 1024K, 5 young (5120K), 5 survivors (5120K)
 Metaspace       used 70410K, committed 70848K, reserved 1114112K
  class space    used 9491K, committed 9664K, reserved 1048576K
}
Event: 17528.882 GC heap before
{Heap before GC invocations=3111 (full 616):
 garbage-first heap   total 580608K, used 510008K [0x0000000081800000, 0x0000000100000000)
  region size 1024K, 32 young (32768K), 5 survivors (5120K)
 Metaspace       used 70410K, committed 70848K, reserved 1114112K
  class space    used 9491K, committed 9664K, reserved 1048576K
}
Event: 17528.886 GC heap after
{Heap after GC invocations=3112 (full 616):
 garbage-first heap   total 580608K, used 483412K [0x0000000081800000, 0x0000000100000000)
  region size 1024K, 1 young (1024K), 1 survivors (1024K)
 Metaspace       used 70410K, committed 70848K, reserved 1114112K
  class space    used 9491K, committed 9664K, reserved 1048576K
}
Event: 17529.132 GC heap before
{Heap before GC invocations=3112 (full 616):
 garbage-first heap   total 580608K, used 511060K [0x0000000081800000, 0x0000000100000000)
  region size 1024K, 29 young (29696K), 1 survivors (1024K)
 Metaspace       used 70410K, committed 70848K, reserved 1114112K
  class space    used 9491K, committed 9664K, reserved 1048576K
}
Event: 17529.135 GC heap after
{Heap after GC invocations=3113 (full 616):
 garbage-first heap   total 580608K, used 484510K [0x0000000081800000, 0x0000000100000000)
  region size 1024K, 3 young (3072K), 3 survivors (3072K)
 Metaspace       used 70410K, committed 70848K, reserved 1114112K
  class space    used 9491K, committed 9664K, reserved 1048576K
}
Event: 17529.493 GC heap before
{Heap before GC invocations=3113 (full 616):
 garbage-first heap   total 580608K, used 510110K [0x0000000081800000, 0x0000000100000000)
  region size 1024K, 29 young (29696K), 3 survivors (3072K)
 Metaspace       used 70410K, committed 70848K, reserved 1114112K
  class space    used 9491K, committed 9664K, reserved 1048576K
}
Event: 17529.497 GC heap after
{Heap after GC invocations=3114 (full 616):
 garbage-first heap   total 580608K, used 486486K [0x0000000081800000, 0x0000000100000000)
  region size 1024K, 4 young (4096K), 4 survivors (4096K)
 Metaspace       used 70410K, committed 70848K, reserved 1114112K
  class space    used 9491K, committed 9664K, reserved 1048576K
}
Event: 17529.585 GC heap before
{Heap before GC invocations=3114 (full 616):
 garbage-first heap   total 580608K, used 512086K [0x0000000081800000, 0x0000000100000000)
  region size 1024K, 29 young (29696K), 4 survivors (4096K)
 Metaspace       used 70410K, committed 70848K, reserved 1114112K
  class space    used 9491K, committed 9664K, reserved 1048576K
}
Event: 17529.591 GC heap after
{Heap after GC invocations=3115 (full 616):
 garbage-first heap   total 580608K, used 490450K [0x0000000081800000, 0x0000000100000000)
  region size 1024K, 4 young (4096K), 4 survivors (4096K)
 Metaspace       used 70410K, committed 70848K, reserved 1114112K
  class space    used 9491K, committed 9664K, reserved 1048576K
}
Event: 17529.697 GC heap before
{Heap before GC invocations=3115 (full 616):
 garbage-first heap   total 580608K, used 515026K [0x0000000081800000, 0x0000000100000000)
  region size 1024K, 28 young (28672K), 4 survivors (4096K)
 Metaspace       used 70410K, committed 70848K, reserved 1114112K
  class space    used 9491K, committed 9664K, reserved 1048576K
}
Event: 17529.702 GC heap after
{Heap after GC invocations=3116 (full 616):
 garbage-first heap   total 580608K, used 493128K [0x0000000081800000, 0x0000000100000000)
  region size 1024K, 3 young (3072K), 3 survivors (3072K)
 Metaspace       used 70410K, committed 70848K, reserved 1114112K
  class space    used 9491K, committed 9664K, reserved 1048576K
}
Event: 17529.834 GC heap before
{Heap before GC invocations=3116 (full 616):
 garbage-first heap   total 580608K, used 518728K [0x0000000081800000, 0x0000000100000000)
  region size 1024K, 28 young (28672K), 3 survivors (3072K)
 Metaspace       used 70410K, committed 70848K, reserved 1114112K
  class space    used 9491K, committed 9664K, reserved 1048576K
}
Event: 17529.838 GC heap after
{Heap after GC invocations=3117 (full 616):
 garbage-first heap   total 580608K, used 494870K [0x0000000081800000, 0x0000000100000000)
  region size 1024K, 4 young (4096K), 4 survivors (4096K)
 Metaspace       used 70410K, committed 70848K, reserved 1114112K
  class space    used 9491K, committed 9664K, reserved 1048576K
}
Event: 17529.936 GC heap before
{Heap before GC invocations=3117 (full 616):
 garbage-first heap   total 580608K, used 519446K [0x0000000081800000, 0x0000000100000000)
  region size 1024K, 28 young (28672K), 4 survivors (4096K)
 Metaspace       used 70410K, committed 70848K, reserved 1114112K
  class space    used 9491K, committed 9664K, reserved 1048576K
}
Event: 17529.942 GC heap after
{Heap after GC invocations=3118 (full 616):
 garbage-first heap   total 580608K, used 498499K [0x0000000081800000, 0x0000000100000000)
  region size 1024K, 4 young (4096K), 4 survivors (4096K)
 Metaspace       used 70410K, committed 70848K, reserved 1114112K
  class space    used 9491K, committed 9664K, reserved 1048576K
}
Event: 17530.077 GC heap before
{Heap before GC invocations=3118 (full 616):
 garbage-first heap   total 580608K, used 523075K [0x0000000081800000, 0x0000000100000000)
  region size 1024K, 28 young (28672K), 4 survivors (4096K)
 Metaspace       used 70410K, committed 70848K, reserved 1114112K
  class space    used 9491K, committed 9664K, reserved 1048576K
}

