# JRE version: OpenJDK Runtime Environment Temurin-17.0.5+8 (17.0.5+8) (build 17.0.5+8)
# Java VM: OpenJDK 64-Bit Server VM Temurin-17.0.5+8 (17.0.5+8, mixed mode, emulated-client, tiered, compressed oops, compressed class ptrs, g1 gc, windows-amd64)
GC Precious Log:
 CPUs: 8 total, 8 available
 Memory: 8091M
 Large Page Support: Disabled
 NUMA Support: Disabled
 Compressed Oops: Enabled (32-bit)
 Heap Region Size: 1M
 Heap Min Capacity: 8M
 Heap Initial Capacity: 128M
 Heap Max Capacity: 2024M
 Pre-touch: Disabled
 Parallel Workers: 8
 Concurrent Workers: 2
 Concurrent Refinement Workers: 8
 Periodic GC: Disabled
Heap:
 garbage-first heap   total 460800K, used 108411K [0x0000000081800000, 0x0000000100000000)
  region size 1024K, 19 young (19456K), 19 survivors (19456K)
 Metaspace       used 47586K, committed 47936K, reserved 1097728K
  class space    used 5995K, committed 6144K, reserved 1048576K
GC Heap History (20 events):
Event: 15.291 GC heap after
{Heap after GC invocations=17 (full 0):
 garbage-first heap   total 153600K, used 50076K [0x0000000081800000, 0x0000000100000000)
  region size 1024K, 3 young (3072K), 3 survivors (3072K)
 Metaspace       used 38061K, committed 38400K, reserved 1089536K
  class space    used 4808K, committed 4928K, reserved 1048576K
}
Event: 15.595 GC heap before
{Heap before GC invocations=18 (full 0):
 garbage-first heap   total 153600K, used 105372K [0x0000000081800000, 0x0000000100000000)
  region size 1024K, 56 young (57344K), 3 survivors (3072K)
 Metaspace       used 38811K, committed 39168K, reserved 1089536K
  class space    used 4889K, committed 5056K, reserved 1048576K
}
Event: 15.630 GC heap after
{Heap after GC invocations=19 (full 0):
 garbage-first heap   total 153600K, used 68252K [0x0000000081800000, 0x0000000100000000)
  region size 1024K, 7 young (7168K), 7 survivors (7168K)
 Metaspace       used 38811K, committed 39168K, reserved 1089536K
  class space    used 4889K, committed 5056K, reserved 1048576K
}
Event: 15.631 GC heap before
{Heap before GC invocations=19 (full 0):
 garbage-first heap   total 153600K, used 68252K [0x0000000081800000, 0x0000000100000000)
  region size 1024K, 8 young (8192K), 7 survivors (7168K)
 Metaspace       used 38811K, committed 39168K, reserved 1089536K
  class space    used 4889K, committed 5056K, reserved 1048576K
}
Event: 15.636 GC heap after
{Heap after GC invocations=20 (full 0):
 garbage-first heap   total 153600K, used 69877K [0x0000000081800000, 0x0000000100000000)
  region size 1024K, 1 young (1024K), 1 survivors (1024K)
 Metaspace       used 38811K, committed 39168K, reserved 1089536K
  class space    used 4889K, committed 5056K, reserved 1048576K
}
Event: 15.655 GC heap before
{Heap before GC invocations=20 (full 0):
 garbage-first heap   total 153600K, used 104693K [0x0000000081800000, 0x0000000100000000)
  region size 1024K, 36 young (36864K), 1 survivors (1024K)
 Metaspace       used 38818K, committed 39168K, reserved 1089536K
  class space    used 4889K, committed 5056K, reserved 1048576K
}
Event: 15.657 GC heap after
{Heap after GC invocations=21 (full 0):
 garbage-first heap   total 153600K, used 70736K [0x0000000081800000, 0x0000000100000000)
  region size 1024K, 2 young (2048K), 2 survivors (2048K)
 Metaspace       used 38818K, committed 39168K, reserved 1089536K
  class space    used 4889K, committed 5056K, reserved 1048576K
}
Event: 15.685 GC heap before
{Heap before GC invocations=21 (full 0):
 garbage-first heap   total 153600K, used 107600K [0x0000000081800000, 0x0000000100000000)
  region size 1024K, 39 young (39936K), 2 survivors (2048K)
 Metaspace       used 38832K, committed 39168K, reserved 1089536K
  class space    used 4891K, committed 5056K, reserved 1048576K
}
Event: 15.688 GC heap after
{Heap after GC invocations=22 (full 0):
 garbage-first heap   total 153600K, used 72271K [0x0000000081800000, 0x0000000100000000)
  region size 1024K, 4 young (4096K), 4 survivors (4096K)
 Metaspace       used 38832K, committed 39168K, reserved 1089536K
  class space    used 4891K, committed 5056K, reserved 1048576K
}
Event: 15.722 GC heap before
{Heap before GC invocations=22 (full 0):
 garbage-first heap   total 153600K, used 111183K [0x0000000081800000, 0x0000000100000000)
  region size 1024K, 43 young (44032K), 4 survivors (4096K)
 Metaspace       used 38882K, committed 39168K, reserved 1089536K
  class space    used 4899K, committed 5056K, reserved 1048576K
}
Event: 15.730 GC heap after
{Heap after GC invocations=23 (full 0):
 garbage-first heap   total 460800K, used 74062K [0x0000000081800000, 0x0000000100000000)
  region size 1024K, 4 young (4096K), 4 survivors (4096K)
 Metaspace       used 38882K, committed 39168K, reserved 1089536K
  class space    used 4899K, committed 5056K, reserved 1048576K
}
Event: 15.866 GC heap before
{Heap before GC invocations=24 (full 0):
 garbage-first heap   total 368640K, used 228686K [0x0000000081800000, 0x0000000100000000)
  region size 1024K, 157 young (160768K), 4 survivors (4096K)
 Metaspace       used 39041K, committed 39424K, reserved 1089536K
  class space    used 4926K, committed 5120K, reserved 1048576K
}
Event: 15.875 GC heap after
{Heap after GC invocations=25 (full 0):
 garbage-first heap   total 368640K, used 79000K [0x0000000081800000, 0x0000000100000000)
  region size 1024K, 10 young (10240K), 10 survivors (10240K)
 Metaspace       used 39041K, committed 39424K, reserved 1089536K
  class space    used 4926K, committed 5120K, reserved 1048576K
}
Event: 15.879 GC heap before
{Heap before GC invocations=25 (full 0):
 garbage-first heap   total 368640K, used 86168K [0x0000000081800000, 0x0000000100000000)
  region size 1024K, 18 young (18432K), 10 survivors (10240K)
 Metaspace       used 39041K, committed 39424K, reserved 1089536K
  class space    used 4926K, committed 5120K, reserved 1048576K
}
Event: 15.885 GC heap after
{Heap after GC invocations=26 (full 0):
 garbage-first heap   total 368640K, used 79040K [0x0000000081800000, 0x0000000100000000)
  region size 1024K, 2 young (2048K), 2 survivors (2048K)
 Metaspace       used 39041K, committed 39424K, reserved 1089536K
  class space    used 4926K, committed 5120K, reserved 1048576K
}
Event: 16.145 GC heap before
{Heap before GC invocations=26 (full 0):
 garbage-first heap   total 368640K, used 273600K [0x0000000081800000, 0x0000000100000000)
  region size 1024K, 193 young (197632K), 2 survivors (2048K)
 Metaspace       used 40080K, committed 40384K, reserved 1089536K
  class space    used 5043K, committed 5184K, reserved 1048576K
}
Event: 16.155 GC heap after
{Heap after GC invocations=27 (full 0):
 garbage-first heap   total 368640K, used 90042K [0x0000000081800000, 0x0000000100000000)
  region size 1024K, 13 young (13312K), 13 survivors (13312K)
 Metaspace       used 40080K, committed 40384K, reserved 1089536K
  class space    used 5043K, committed 5184K, reserved 1048576K
}
Event: 16.432 GC heap before
{Heap before GC invocations=27 (full 0):
 garbage-first heap   total 368640K, used 281530K [0x0000000081800000, 0x0000000100000000)
  region size 1024K, 201 young (205824K), 13 survivors (13312K)
 Metaspace       used 43724K, committed 44096K, reserved 1089536K
  class space    used 5445K, committed 5632K, reserved 1048576K
}
Event: 16.446 GC heap after
{Heap after GC invocations=28 (full 0):
 garbage-first heap   total 368640K, used 98784K [0x0000000081800000, 0x0000000100000000)
  region size 1024K, 21 young (21504K), 21 survivors (21504K)
 Metaspace       used 43724K, committed 44096K, reserved 1089536K
  class space    used 5445K, committed 5632K, reserved 1048576K
}
Event: 16.607 GC heap before
{Heap before GC invocations=28 (full 0):
 garbage-first heap   total 368640K, used 290272K [0x0000000081800000, 0x0000000100000000)
  region size 1024K, 209 young (214016K), 21 survivors (21504K)
 Metaspace       used 47586K, committed 47936K, reserved 1097728K
  class space    used 5995K, committed 6144K, reserved 1048576K
}

